#! /c/iverilog/bin/vvp
:ivl_version "0.9.7 " "(v0_9_7)";
:vpi_time_precision + 0;
:vpi_module "system";
:vpi_module "v2005_math";
:vpi_module "va_math";
S_00D18130 .scope module, "execucao" "execucao" 2 43;
 .timescale 0 0;
v00D56978_0 .var "p1x", 10 0;
v00D56A28_0 .var "p1y", 10 0;
v00D56B30_0 .var "p2x", 10 0;
v00D56A80_0 .var "p2y", 10 0;
v00D568C8_0 .var "p3x", 10 0;
v00D56AD8_0 .var "p3y", 10 0;
v00D56B88_0 .var/i "pontos", 31 0;
v00D56818_0 .var "px", 10 0;
v00D56870_0 .var "py", 10 0;
v00D56BE0_0 .var/i "result", 31 0;
v00D57090_0 .net "saida", 0 0, L_00D5A370; 1 drivers
v00D56E28_0 .var "state", 0 0;
v00D572F8_0 .var/i "valor", 31 0;
S_00D182C8 .scope module, "T" "triangle" 2 60, 2 21, S_00D18130;
 .timescale 0 0;
L_00D5A530 .functor XNOR 1, L_00D56E80, L_00D57BE8, C4<0>, C4<0>;
L_00D5A760 .functor XNOR 1, L_00D57BE8, L_00D591F0, C4<0>, C4<0>;
L_00D5A370 .functor AND 1, L_00D5A530, L_00D5A760, C4<1>, C4<1>;
v00D56500_0 .net *"_s0", 0 0, L_00D5A530; 1 drivers
v00D560E0_0 .net *"_s2", 0 0, L_00D5A760; 1 drivers
v00D56558_0 .net/s "detA", 0 0, L_00D56E80; 1 drivers
v00D56608_0 .net/s "detB", 0 0, L_00D57BE8; 1 drivers
v00D56660_0 .net/s "detC", 0 0, L_00D591F0; 1 drivers
v00D566B8_0 .net "p1x", 10 0, v00D56978_0; 1 drivers
v00D56710_0 .net "p1y", 10 0, v00D56A28_0; 1 drivers
v00D55C68_0 .net "p2x", 10 0, v00D56B30_0; 1 drivers
v00D55D18_0 .net "p2y", 10 0, v00D56A80_0; 1 drivers
v00D55D70_0 .net "p3x", 10 0, v00D568C8_0; 1 drivers
v00D569D0_0 .net "p3y", 10 0, v00D56AD8_0; 1 drivers
v00D56768_0 .net "px", 10 0, v00D56818_0; 1 drivers
v00D56920_0 .net "py", 10 0, v00D56870_0; 1 drivers
v00D567C0_0 .alias "saida", 0 0, v00D57090_0;
S_00D179C0 .scope module, "DA" "sign" 2 35, 2 1, S_00D182C8;
 .timescale 0 0;
v00D55810_0 .net *"_s0", 23 0, L_00D573A8; 1 drivers
v00D55868_0 .net *"_s10", 23 0, L_00D57038; 1 drivers
v00D558C0_0 .net *"_s13", 12 0, C4<0000000000000>; 1 drivers
v00D55970_0 .net *"_s14", 23 0, L_00D570E8; 1 drivers
v00D55918_0 .net *"_s17", 12 0, C4<0000000000000>; 1 drivers
v00D559C8_0 .net *"_s18", 23 0, L_00D574B0; 1 drivers
v00D55A20_0 .net *"_s22", 23 0, L_00D57458; 1 drivers
v00D55CC0_0 .net *"_s25", 12 0, C4<0000000000000>; 1 drivers
v00D55F80_0 .net *"_s26", 23 0, L_00D57248; 1 drivers
v00D55E20_0 .net *"_s29", 12 0, C4<0000000000000>; 1 drivers
v00D56348_0 .net *"_s3", 12 0, C4<0000000000000>; 1 drivers
v00D565B0_0 .net *"_s30", 23 0, L_00D56D20; 1 drivers
v00D56240_0 .net *"_s32", 23 0, L_00D57140; 1 drivers
v00D55E78_0 .net *"_s35", 12 0, C4<0000000000000>; 1 drivers
v00D55FD8_0 .net *"_s36", 23 0, L_00D56FE0; 1 drivers
v00D562F0_0 .net *"_s39", 12 0, C4<0000000000000>; 1 drivers
v00D56138_0 .net *"_s4", 23 0, L_00D56DD0; 1 drivers
v00D55DC8_0 .net *"_s40", 23 0, L_00D57508; 1 drivers
v00D56030_0 .net *"_s7", 12 0, C4<0000000000000>; 1 drivers
v00D56298_0 .net *"_s8", 23 0, L_00D57400; 1 drivers
v00D561E8_0 .net/s "m1", 23 0, L_00D575B8; 1 drivers
v00D563A0_0 .net/s "m2", 23 0, L_00D56F30; 1 drivers
v00D55ED0_0 .alias "p1x", 10 0, v00D56768_0;
v00D563F8_0 .alias "p1y", 10 0, v00D56920_0;
v00D56190_0 .alias "p2x", 10 0, v00D566B8_0;
v00D56450_0 .alias "p2y", 10 0, v00D56710_0;
v00D564A8_0 .alias "p3x", 10 0, v00D55C68_0;
v00D55F28_0 .alias "p3y", 10 0, v00D55D18_0;
v00D56088_0 .alias "s", 0 0, v00D56558_0;
L_00D573A8 .concat [ 11 13 0 0], v00D56818_0, C4<0000000000000>;
L_00D56DD0 .concat [ 11 13 0 0], v00D56B30_0, C4<0000000000000>;
L_00D57400 .arith/sub 24, L_00D573A8, L_00D56DD0;
L_00D57038 .concat [ 11 13 0 0], v00D56A28_0, C4<0000000000000>;
L_00D570E8 .concat [ 11 13 0 0], v00D56A80_0, C4<0000000000000>;
L_00D574B0 .arith/sub 24, L_00D57038, L_00D570E8;
L_00D575B8 .arith/mult 24, L_00D57400, L_00D574B0;
L_00D57458 .concat [ 11 13 0 0], v00D56978_0, C4<0000000000000>;
L_00D57248 .concat [ 11 13 0 0], v00D56B30_0, C4<0000000000000>;
L_00D56D20 .arith/sub 24, L_00D57458, L_00D57248;
L_00D57140 .concat [ 11 13 0 0], v00D56870_0, C4<0000000000000>;
L_00D56FE0 .concat [ 11 13 0 0], v00D56A80_0, C4<0000000000000>;
L_00D57508 .arith/sub 24, L_00D57140, L_00D56FE0;
L_00D56F30 .arith/mult 24, L_00D56D20, L_00D57508;
L_00D56E80 .cmp/gt.s 24, L_00D56F30, L_00D575B8;
S_00D185F8 .scope module, "DB" "sign" 2 36, 2 1, S_00D182C8;
 .timescale 0 0;
v00D551E0_0 .net *"_s0", 23 0, L_00D57610; 1 drivers
v00D55340_0 .net *"_s10", 23 0, L_00D56D78; 1 drivers
v00D55290_0 .net *"_s13", 12 0, C4<0000000000000>; 1 drivers
v00D54F78_0 .net *"_s14", 23 0, L_00D57350; 1 drivers
v00D552E8_0 .net *"_s17", 12 0, C4<0000000000000>; 1 drivers
v00D54FD0_0 .net *"_s18", 23 0, L_00D57560; 1 drivers
v00D55398_0 .net *"_s22", 23 0, L_00D56ED8; 1 drivers
v00D55028_0 .net *"_s25", 12 0, C4<0000000000000>; 1 drivers
v00D54EC8_0 .net *"_s26", 23 0, L_00D576C0; 1 drivers
v00D55658_0 .net *"_s29", 12 0, C4<0000000000000>; 1 drivers
v00D556B0_0 .net *"_s3", 12 0, C4<0000000000000>; 1 drivers
v00D553F0_0 .net *"_s30", 23 0, L_00D57718; 1 drivers
v00D54E70_0 .net *"_s32", 23 0, L_00D572A0; 1 drivers
v00D550D8_0 .net *"_s35", 12 0, C4<0000000000000>; 1 drivers
v00D55080_0 .net *"_s36", 23 0, L_00D571F0; 1 drivers
v00D55130_0 .net *"_s39", 12 0, C4<0000000000000>; 1 drivers
v00D55708_0 .net *"_s4", 23 0, L_00D57198; 1 drivers
v00D54C60_0 .net *"_s40", 23 0, L_00D56C70; 1 drivers
v00D54CB8_0 .net *"_s7", 12 0, C4<0000000000000>; 1 drivers
v00D54D10_0 .net *"_s8", 23 0, L_00D56CC8; 1 drivers
v00D54D68_0 .net/s "m1", 23 0, L_00D57668; 1 drivers
v00D54E18_0 .net/s "m2", 23 0, L_00D56F88; 1 drivers
v00D55A78_0 .alias "p1x", 10 0, v00D56768_0;
v00D55B80_0 .alias "p1y", 10 0, v00D56920_0;
v00D55AD0_0 .alias "p2x", 10 0, v00D55C68_0;
v00D55B28_0 .alias "p2y", 10 0, v00D55D18_0;
v00D55BD8_0 .alias "p3x", 10 0, v00D55D70_0;
v00D55760_0 .alias "p3y", 10 0, v00D569D0_0;
v00D557B8_0 .alias "s", 0 0, v00D56608_0;
L_00D57610 .concat [ 11 13 0 0], v00D56818_0, C4<0000000000000>;
L_00D57198 .concat [ 11 13 0 0], v00D568C8_0, C4<0000000000000>;
L_00D56CC8 .arith/sub 24, L_00D57610, L_00D57198;
L_00D56D78 .concat [ 11 13 0 0], v00D56A80_0, C4<0000000000000>;
L_00D57350 .concat [ 11 13 0 0], v00D56AD8_0, C4<0000000000000>;
L_00D57560 .arith/sub 24, L_00D56D78, L_00D57350;
L_00D57668 .arith/mult 24, L_00D56CC8, L_00D57560;
L_00D56ED8 .concat [ 11 13 0 0], v00D56B30_0, C4<0000000000000>;
L_00D576C0 .concat [ 11 13 0 0], v00D568C8_0, C4<0000000000000>;
L_00D57718 .arith/sub 24, L_00D56ED8, L_00D576C0;
L_00D572A0 .concat [ 11 13 0 0], v00D56870_0, C4<0000000000000>;
L_00D571F0 .concat [ 11 13 0 0], v00D56AD8_0, C4<0000000000000>;
L_00D56C70 .arith/sub 24, L_00D572A0, L_00D571F0;
L_00D56F88 .arith/mult 24, L_00D57718, L_00D56C70;
L_00D57BE8 .cmp/gt.s 24, L_00D56F88, L_00D57668;
S_00D18570 .scope module, "DC" "sign" 2 37, 2 1, S_00D182C8;
 .timescale 0 0;
v00D17068_0 .net *"_s0", 23 0, L_00D57980; 1 drivers
v00D17380_0 .net *"_s10", 23 0, L_00D57770; 1 drivers
v00D16F60_0 .net *"_s13", 12 0, C4<0000000000000>; 1 drivers
v00D16C48_0 .net *"_s14", 23 0, L_00D57878; 1 drivers
v00D17220_0 .net *"_s17", 12 0, C4<0000000000000>; 1 drivers
v00D172D0_0 .net *"_s18", 23 0, L_00D579D8; 1 drivers
v00D16930_0 .net *"_s22", 23 0, L_00D57A30; 1 drivers
v00D17328_0 .net *"_s25", 12 0, C4<0000000000000>; 1 drivers
v00D173D8_0 .net *"_s26", 23 0, L_00D57820; 1 drivers
v00D170C0_0 .net *"_s29", 12 0, C4<0000000000000>; 1 drivers
v00D16CA0_0 .net *"_s3", 12 0, C4<0000000000000>; 1 drivers
v00D17118_0 .net *"_s30", 23 0, L_00D578D0; 1 drivers
v00D16CF8_0 .net *"_s32", 23 0, L_00D57AE0; 1 drivers
v00D16D50_0 .net *"_s35", 12 0, C4<0000000000000>; 1 drivers
v00D16DA8_0 .net *"_s36", 23 0, L_00D57928; 1 drivers
v00D16E00_0 .net *"_s39", 12 0, C4<0000000000000>; 1 drivers
v00D16E58_0 .net *"_s4", 23 0, L_00D57B38; 1 drivers
v00D16EB0_0 .net *"_s40", 23 0, L_00D57A88; 1 drivers
v00D16FB8_0 .net *"_s7", 12 0, C4<0000000000000>; 1 drivers
v00D554A0_0 .net *"_s8", 23 0, L_00D57B90; 1 drivers
v00D55188_0 .net/s "m1", 23 0, L_00D577C8; 1 drivers
v00D54F20_0 .net/s "m2", 23 0, L_00D599D8; 1 drivers
v00D55238_0 .alias "p1x", 10 0, v00D56768_0;
v00D55550_0 .alias "p1y", 10 0, v00D56920_0;
v00D55448_0 .alias "p2x", 10 0, v00D55D70_0;
v00D554F8_0 .alias "p2y", 10 0, v00D569D0_0;
v00D555A8_0 .alias "p3x", 10 0, v00D566B8_0;
v00D54DC0_0 .alias "p3y", 10 0, v00D56710_0;
v00D55600_0 .alias "s", 0 0, v00D56660_0;
L_00D57980 .concat [ 11 13 0 0], v00D56818_0, C4<0000000000000>;
L_00D57B38 .concat [ 11 13 0 0], v00D56978_0, C4<0000000000000>;
L_00D57B90 .arith/sub 24, L_00D57980, L_00D57B38;
L_00D57770 .concat [ 11 13 0 0], v00D56AD8_0, C4<0000000000000>;
L_00D57878 .concat [ 11 13 0 0], v00D56A28_0, C4<0000000000000>;
L_00D579D8 .arith/sub 24, L_00D57770, L_00D57878;
L_00D577C8 .arith/mult 24, L_00D57B90, L_00D579D8;
L_00D57A30 .concat [ 11 13 0 0], v00D568C8_0, C4<0000000000000>;
L_00D57820 .concat [ 11 13 0 0], v00D56978_0, C4<0000000000000>;
L_00D578D0 .arith/sub 24, L_00D57A30, L_00D57820;
L_00D57AE0 .concat [ 11 13 0 0], v00D56870_0, C4<0000000000000>;
L_00D57928 .concat [ 11 13 0 0], v00D56A28_0, C4<0000000000000>;
L_00D57A88 .arith/sub 24, L_00D57AE0, L_00D57928;
L_00D599D8 .arith/mult 24, L_00D578D0, L_00D57A88;
L_00D591F0 .cmp/gt.s 24, L_00D599D8, L_00D577C8;
    .scope S_00D18130;
T_0 ;
    %set/v v00D56E28_0, 0, 1;
    %end;
    .thread T_0;
    .scope S_00D18130;
T_1 ;
    %vpi_func 2 63 "$fopen", 8, 32, "entradas.txt", "r";
    %set/v v00D56B88_0, 8, 32;
    %vpi_func 2 64 "$fopen", 8, 32, "saida_V.txt", "w";
    %set/v v00D56BE0_0, 8, 32;
    %load/v 8, v00D56B88_0, 32;
    %cmpi/u 8, 0, 32;
    %jmp/0xz  T_1.0, 4;
    %vpi_call 2 66 "$display", "Erro na leitura do arquivo!";
    %vpi_call 2 67 "$finish";
T_1.0 ;
    %load/v 8, v00D56BE0_0, 32;
    %cmpi/u 8, 0, 32;
    %jmp/0xz  T_1.2, 4;
    %vpi_call 2 70 "$display", "Erro na escrita do arquivo!";
    %vpi_call 2 71 "$finish";
T_1.2 ;
    %end;
    .thread T_1;
    .scope S_00D18130;
T_2 ;
    %delay 5, 0;
    %vpi_func 2 76 "$feof", 8, 32, v00D56B88_0;
    %nor/r 8, 8, 32;
    %jmp/0xz  T_2.0, 8;
    %load/v 8, v00D56E28_0, 1;
    %mov 9, 0, 1;
    %cmpi/u 8, 0, 2;
    %inv 4, 1;
    %jmp/0xz  T_2.2, 4;
    %vpi_call 2 78 "$fdisplay", v00D56BE0_0, "%d %d %d %d %d %d %d %d = %d", v00D56818_0, v00D56870_0, v00D56978_0, v00D56A28_0, v00D56B30_0, v00D56A80_0, v00D568C8_0, v00D56AD8_0, v00D57090_0;
    %vpi_func 2 79 "$fscanf", 8, 32, v00D56B88_0, "%d %d %d %d %d %d %d %d\012", v00D56818_0, v00D56870_0, v00D56978_0, v00D56A28_0, v00D56B30_0, v00D56A80_0, v00D568C8_0, v00D56AD8_0;
    %set/v v00D572F8_0, 8, 32;
    %jmp T_2.3;
T_2.2 ;
    %vpi_func 2 81 "$fscanf", 8, 32, v00D56B88_0, "%d %d %d %d %d %d %d %d\012", v00D56818_0, v00D56870_0, v00D56978_0, v00D56A28_0, v00D56B30_0, v00D56A80_0, v00D568C8_0, v00D56AD8_0;
    %set/v v00D572F8_0, 8, 32;
    %set/v v00D56E28_0, 1, 1;
T_2.3 ;
    %jmp T_2.1;
T_2.0 ;
    %vpi_call 2 85 "$finish";
T_2.1 ;
    %jmp T_2;
    .thread T_2;
# The file index is used to find the file name in the following table.
:file_names 3;
    "N/A";
    "<interactive>";
    "LerPontos.v";
